Wearable/build/outputs/logs/manifest-merger-debug-report.txt
-- Merging decision tree log ---
manifest
ADDED from src/main/AndroidManifest.xml:17:1-113:12
	package
		ADDED from src/main/AndroidManifest.xml:17:11-74
	android:versionName
		INJECTED from src/main/AndroidManifest.xml
		INJECTED from src/main/AndroidManifest.xml
	xmlns:android
		ADDED from src/main/AndroidManifest.xml:18:11-69
	android:versionCode
		INJECTED from src/main/AndroidManifest.xml
		INJECTED from src/main/AndroidManifest.xml
uses-sdk
ADDED from src/main/AndroidManifest.xml:20:5-22:40
MERGED from [com.android.support:palette-v7:24.1.1] AndroidManifest.xml:20:5-43
MERGED from [com.android.support:support-v4:24.2.1] AndroidManifest.xml:21:5-23:54
MERGED from [com.android.support:support-compat:24.2.1] AndroidManifest.xml:21:5-23:58
MERGED from [com.android.support:support-media-compat:24.2.1] AndroidManifest.xml:21:5-23:63
MERGED from [com.android.support:support-core-utils:24.2.1] AndroidManifest.xml:21:5-23:61
MERGED from [com.android.support:support-core-ui:24.2.1] AndroidManifest.xml:21:5-23:58
MERGED from [com.android.support:support-fragment:24.2.1] AndroidManifest.xml:21:5-23:60
MERGED from [com.google.android.gms:play-services-fitness:9.4.0] AndroidManifest.xml:18:5-42
MERGED from [com.google.android.gms:play-services-base:9.4.0] AndroidManifest.xml:18:5-42
MERGED from [com.google.android.gms:play-services-basement:9.4.0] AndroidManifest.xml:18:5-42
MERGED from [com.google.android.gms:play-services-tasks:9.4.0] AndroidManifest.xml:4:5-43
MERGED from [com.google.android.gms:play-services-location:9.4.0] AndroidManifest.xml:18:5-42
MERGED from [com.google.android.gms:play-services-wearable:9.4.0] AndroidManifest.xml:18:5-42
MERGED from [com.android.support:support-v13:24.2.1] AndroidManifest.xml:21:5-23:55
MERGED from [com.wada811:android-material-design-colors:3.0.0] AndroidManifest.xml:5:5-7:41
MERGED from [com.android.support:appcompat-v7:23.4.0] AndroidManifest.xml:21:5-23:78
MERGED from [com.android.support:animated-vector-drawable:23.4.0] AndroidManifest.xml:5:5-44
MERGED from [com.android.support:support-vector-drawable:23.4.0] AndroidManifest.xml:5:5-43
MERGED from [com.google.android.support:wearable:2.0.0-alpha3] AndroidManifest.xml:4:5-72
MERGED from [com.android.support:recyclerview-v7:23.0.1] AndroidManifest.xml:20:5-43
	tools:overrideLibrary
		ADDED from [com.android.support:support-v4:24.2.1] AndroidManifest.xml:23:9-51
	android:targetSdkVersion
		ADDED from src/main/AndroidManifest.xml:22:9-38
		INJECTED from src/main/AndroidManifest.xml
		INJECTED from src/main/AndroidManifest.xml
	android:minSdkVersion
		ADDED from src/main/AndroidManifest.xml:21:9-35
		INJECTED from src/main/AndroidManifest.xml
		INJECTED from src/main/AndroidManifest.xml
uses-feature#android.hardware.type.watch
ADDED from src/main/AndroidManifest.xml:24:5-63
	android:name
		ADDED from src/main/AndroidManifest.xml:24:19-61
uses-permission#android.permission.WAKE_LOCK
ADDED from src/main/AndroidManifest.xml:27:5-67
	android:name
		ADDED from src/main/AndroidManifest.xml:27:22-65
uses-permission#com.google.android.wearable.permission.RECEIVE_COMPLICATION_DATA
ADDED from src/main/AndroidManifest.xml:30:5-103
	android:name
		ADDED from src/main/AndroidManifest.xml:30:22-101
uses-permission#android.permission.READ_CALENDAR
ADDED from src/main/AndroidManifest.xml:33:5-71
	android:name
		ADDED from src/main/AndroidManifest.xml:33:22-69
uses-permission#android.permission.ACCESS_FINE_LOCATION
ADDED from src/main/AndroidManifest.xml:36:5-78
	android:name
		ADDED from src/main/AndroidManifest.xml:36:22-76
android:uses-permission#android.permission.WRITE_EXTERNAL_STORAGE
ADDED from src/main/AndroidManifest.xml:38:5-88
	android:name
		ADDED from src/main/AndroidManifest.xml:38:30-86
android:uses-permission#android.permission.READ_PHONE_STATE
ADDED from src/main/AndroidManifest.xml:39:5-82
	android:name
		ADDED from src/main/AndroidManifest.xml:39:30-80
android:uses-permission#android.permission.READ_EXTERNAL_STORAGE
ADDED from src/main/AndroidManifest.xml:40:5-87
	android:name
		ADDED from src/main/AndroidManifest.xml:40:30-85
application
ADDED from src/main/AndroidManifest.xml:42:5-111:19
MERGED from [com.android.support:palette-v7:24.1.1] AndroidManifest.xml:22:5-23:19
MERGED from [com.android.support:support-v4:24.2.1] AndroidManifest.xml:25:5-20
MERGED from [com.android.support:support-compat:24.2.1] AndroidManifest.xml:25:5-20
MERGED from [com.android.support:support-media-compat:24.2.1] AndroidManifest.xml:25:5-20
MERGED from [com.android.support:support-core-utils:24.2.1] AndroidManifest.xml:25:5-20
MERGED from [com.android.support:support-core-ui:24.2.1] AndroidManifest.xml:25:5-20
MERGED from [com.android.support:support-fragment:24.2.1] AndroidManifest.xml:25:5-20
MERGED from [com.google.android.gms:play-services-fitness:9.4.0] AndroidManifest.xml:19:5-20
MERGED from [com.google.android.gms:play-services-base:9.4.0] AndroidManifest.xml:19:5-23:19
MERGED from [com.google.android.gms:play-services-basement:9.4.0] AndroidManifest.xml:20:5-24:19
MERGED from [com.google.android.gms:play-services-tasks:9.4.0] AndroidManifest.xml:5:5-20
MERGED from [com.google.android.gms:play-services-location:9.4.0] AndroidManifest.xml:19:5-20
MERGED from [com.google.android.gms:play-services-wearable:9.4.0] AndroidManifest.xml:19:5-20
MERGED from [com.android.support:support-v13:24.2.1] AndroidManifest.xml:25:5-20
MERGED from [com.android.support:appcompat-v7:23.4.0] AndroidManifest.xml:25:5-20
MERGED from [com.android.support:animated-vector-drawable:23.4.0] AndroidManifest.xml:7:5-20
MERGED from [com.android.support:support-vector-drawable:23.4.0] AndroidManifest.xml:7:5-20
MERGED from [com.google.android.support:wearable:2.0.0-alpha3] AndroidManifest.xml:6:5-19
	android:label
		ADDED from src/main/AndroidManifest.xml:45:9-41
	android:allowBackup
		ADDED from src/main/AndroidManifest.xml:43:9-35
	android:icon
		ADDED from src/main/AndroidManifest.xml:44:9-45
meta-data#com.google.android.gms.version
ADDED from src/main/AndroidManifest.xml:46:9-48:68
MERGED from [com.google.android.gms:play-services-basement:9.4.0] AndroidManifest.xml:21:9-23:69
	android:value
		ADDED from src/main/AndroidManifest.xml:48:13-66
	android:name
		ADDED from src/main/AndroidManifest.xml:47:13-58
uses-library#com.google.android.wearable
ADDED from src/main/AndroidManifest.xml:50:9-52:39
	android:required
		ADDED from src/main/AndroidManifest.xml:52:13-37
	android:name
		ADDED from src/main/AndroidManifest.xml:51:13-55
activity#android.support.wearable.complications.ComplicationHelperActivity
ADDED from src/main/AndroidManifest.xml:54:9-101
	android:name
		ADDED from src/main/AndroidManifest.xml:54:19-99
service#com.perculacreative.peter.wearable.snowflakewatchface.SnowWatchFaceService
ADDED from src/main/AndroidManifest.xml:56:9-81:19
	android:label
		ADDED from src/main/AndroidManifest.xml:58:13-49
	android:permission
		ADDED from src/main/AndroidManifest.xml:59:13-67
	android:name
		ADDED from src/main/AndroidManifest.xml:57:13-102
meta-data#android.service.wallpaper
ADDED from src/main/AndroidManifest.xml:60:13-62:53
	android:resource
		ADDED from src/main/AndroidManifest.xml:62:17-51
	android:name
		ADDED from src/main/AndroidManifest.xml:61:17-57
meta-data#com.google.android.wearable.watchface.preview
ADDED from src/main/AndroidManifest.xml:63:13-65:65
	android:resource
		ADDED from src/main/AndroidManifest.xml:65:17-63
	android:name
		ADDED from src/main/AndroidManifest.xml:64:17-77
meta-data#com.google.android.wearable.watchface.preview_circular
ADDED from src/main/AndroidManifest.xml:66:13-68:74
	android:resource
		ADDED from src/main/AndroidManifest.xml:68:17-72
	android:name
		ADDED from src/main/AndroidManifest.xml:67:17-86
meta-data#com.google.android.wearable.watchface.wearableConfigurationAction
ADDED from src/main/AndroidManifest.xml:72:13-74:105
	android:value
		ADDED from src/main/AndroidManifest.xml:74:17-103
	android:name
		ADDED from src/main/AndroidManifest.xml:73:17-97
intent-filter#android.service.wallpaper.WallpaperService+com.google.android.wearable.watchface.category.WATCH_FACE
ADDED from src/main/AndroidManifest.xml:76:13-80:29
action#android.service.wallpaper.WallpaperService
ADDED from src/main/AndroidManifest.xml:77:17-84
	android:name
		ADDED from src/main/AndroidManifest.xml:77:25-82
category#com.google.android.wearable.watchface.category.WATCH_FACE
ADDED from src/main/AndroidManifest.xml:79:17-101
	android:name
		ADDED from src/main/AndroidManifest.xml:79:27-99
activity#com.perculacreative.peter.wearable.snowflakewatchface.SnowWatchFaceWearableConfigActivity
ADDED from src/main/AndroidManifest.xml:89:9-98:20
	android:label
		ADDED from src/main/AndroidManifest.xml:91:13-56
	android:name
		ADDED from src/main/AndroidManifest.xml:90:13-117
intent-filter#android.intent.category.DEFAULT+com.google.android.wearable.watchface.category.WEARABLE_CONFIGURATION+com.perculacreative.peter.wearable.snowflakewatchface.CONFIG_SNOWFLAKE
ADDED from src/main/AndroidManifest.xml:92:13-97:29
action#com.perculacreative.peter.wearable.snowflakewatchface.CONFIG_SNOWFLAKE
ADDED from src/main/AndroidManifest.xml:93:17-112
	android:name
		ADDED from src/main/AndroidManifest.xml:93:25-110
category#com.google.android.wearable.watchface.category.WEARABLE_CONFIGURATION
ADDED from src/main/AndroidManifest.xml:95:17-113
	android:name
		ADDED from src/main/AndroidManifest.xml:95:27-111
category#android.intent.category.DEFAULT
ADDED from src/main/AndroidManifest.xml:96:17-75
	android:name
		ADDED from src/main/AndroidManifest.xml:96:27-73
service#com.perculacreative.peter.wearable.snowflakewatchface.SnowWatchFaceConfigListenerService
ADDED from src/main/AndroidManifest.xml:100:9-109:19
	android:name
		ADDED from src/main/AndroidManifest.xml:100:18-121
intent-filter#com.google.android.gms.wearable.MESSAGE_RECEIVED
ADDED from src/main/AndroidManifest.xml:101:13-108:29
action#com.google.android.gms.wearable.MESSAGE_RECEIVED
ADDED from src/main/AndroidManifest.xml:102:17-90
	android:name
		ADDED from src/main/AndroidManifest.xml:102:25-88
data
ADDED from src/main/AndroidManifest.xml:104:17-107:44
	android:host
		ADDED from src/main/AndroidManifest.xml:105:21-37
	android:scheme
		ADDED from src/main/AndroidManifest.xml:107:21-42
	android:pathPrefix
		ADDED from src/main/AndroidManifest.xml:106:21-43
activity#com.google.android.gms.common.api.GoogleApiActivity
ADDED from [com.google.android.gms:play-services-base:9.4.0] AndroidManifest.xml:20:9-22:45
	android:exported
		ADDED from [com.google.android.gms:play-services-base:9.4.0] AndroidManifest.xml:22:19-43
	android:theme
		ADDED from [com.google.android.gms:play-services-base:9.4.0] AndroidManifest.xml:21:19-78
	android:name
		ADDED from [com.google.android.gms:play-services-base:9.4.0] AndroidManifest.xml:20:19-85